2023-04-17 04:19:11.899 [info] [SharedProcess] using utility process
2023-04-17 04:19:11.926 [info] update#setState idle
2023-04-17 04:19:13.454 [info] [UtilityProcess type: shared-process, pid: <none>]: creating new...
2023-04-17 04:19:13.459 [info] [UtilityProcess id: 1, type: fileWatcher, pid: <none>]: creating new...
2023-04-17 04:19:13.462 [info] [UtilityProcess type: shared-process, pid: 19101]: successfully created
2023-04-17 04:19:13.473 [info] [UtilityProcess id: 1, type: fileWatcher, pid: 19102]: successfully created
2023-04-17 04:19:13.556 [info] [UtilityProcess id: 1, type: extensionHost, pid: <none>]: creating new...
2023-04-17 04:19:13.584 [info] [UtilityProcess id: 1, type: extensionHost, pid: 19122]: successfully created
2023-04-17 04:19:41.927 [info] update#setState checking for updates
2023-04-17 04:19:42.001 [info] update#setState idle
2023-04-17 05:19:41.931 [info] update#setState checking for updates
2023-04-17 05:19:42.179 [info] update#setState idle
2023-04-17 05:35:25.400 [info] [UtilityProcess id: 1, type: extensionHost, pid: 19122]: waiting to exit...
2023-04-17 05:35:25.401 [info] [UtilityProcess id: 1, type: fileWatcher, pid: 19102]: attempting to kill the process...
2023-04-17 05:35:25.401 [info] [UtilityProcess id: 1, type: fileWatcher, pid: 19102]: successfully killed the process
2023-04-17 05:35:25.419 [info] [UtilityProcess id: 1, type: extensionHost, pid: 19122]: received exit event with code 0
2023-04-17 05:35:25.419 [info] Extension host with pid 19122 exited with code: 0, signal: unknown.
2023-04-17 05:35:25.420 [info] [UtilityProcess id: 1, type: fileWatcher, pid: 19102]: received exit event with code 15
2023-04-17 05:35:25.420 [error] [UtilityProcessWorker]: terminated unexpectedly with code 15, signal: unknown
2023-04-17 05:35:25.421 [error] [UtilityProcess id: 1, type: fileWatcher, pid: 19102]: crashed with code 15 and reason 'killed'
