2023-04-17 03:49:25.220 [info] Added views:workbench.panel.markers.view in workbench.panel.markers
2023-04-17 03:49:25.220 [info] Added views:workbench.panel.output in workbench.panel.output
2023-04-17 03:49:25.220 [info] Added views:terminal in terminal
2023-04-17 03:49:25.220 [info] Added views:outline in workbench.view.explorer
2023-04-17 03:49:25.220 [info] Added views:workbench.scm in workbench.view.scm
2023-04-17 03:49:25.220 [info] Added views:workbench.view.search in workbench.view.search
2023-04-17 03:49:25.220 [info] Added views:timeline in workbench.view.explorer
2023-04-17 03:49:25.220 [info] Added views:workbench.explorer.emptyView in workbench.view.explorer
2023-04-17 03:49:25.495 [info] Added views:workbench.debug.variablesView,workbench.debug.watchExpressionsView,workbench.debug.callStackView,workbench.debug.breakPointsView in workbench.view.debug
2023-04-17 03:49:26.070 [info] Added views:workbench.panel.repl.view in workbench.panel.repl
2023-04-17 03:49:26.075 [info] Removed views:workbench.debug.breakPointsView,workbench.debug.callStackView,workbench.debug.watchExpressionsView,workbench.debug.variablesView from workbench.view.debug
2023-04-17 03:49:26.075 [info] Added views:workbench.debug.welcome in workbench.view.debug
2023-04-17 03:49:50.348 [info] View visibility state changed: workbench.explorer.openEditorsView is now visible Explorer
2023-04-17 03:49:50.348 [info] Showing view workbench.explorer.openEditorsView in the container workbench.view.explorer
2023-04-17 03:49:50.348 [info] Added views:workbench.explorer.openEditorsView in workbench.view.explorer
2023-04-17 03:50:02.792 [info] Added views:workbench.views.extensions.installed,workbench.views.extensions.popular,extensions.recommendedList in workbench.view.extensions
2023-04-17 03:50:02.794 [info] Removed views:workbench.views.extensions.popular from workbench.view.extensions
2023-04-17 03:50:06.654 [info] Removed views:extensions.recommendedList,workbench.views.extensions.installed from workbench.view.extensions
2023-04-17 03:50:06.668 [info] Added views:workbench.views.extensions.marketplace in workbench.view.extensions
2023-04-17 03:50:19.153 [info] Added views:platformio-ide.quickAccess in workbench.view.extension.platformio
2023-04-17 03:50:19.159 [info] Added views:platformio-debug.peripherals,platformio-debug.registers,platformio-debug.memory,platformio-debug.disassembly in workbench.view.debug
2023-04-17 03:50:36.698 [info] Added views:vscode-serial-monitor.monitor0 in workbench.view.extension.vscode-serial-monitor-tools
2023-04-17 03:54:43.609 [info] Added views:workbench.panel.markers.view in workbench.panel.markers
2023-04-17 03:54:43.609 [info] Added views:workbench.panel.output in workbench.panel.output
2023-04-17 03:54:43.609 [info] Added views:terminal in terminal
2023-04-17 03:54:43.609 [info] Added views:outline in workbench.view.explorer
2023-04-17 03:54:43.609 [info] Added views:workbench.scm in workbench.view.scm
2023-04-17 03:54:43.609 [info] Added views:workbench.view.search in workbench.view.search
2023-04-17 03:54:43.609 [info] Added views:timeline in workbench.view.explorer
2023-04-17 03:54:43.609 [info] Added views:workbench.explorer.fileView in workbench.view.explorer
2023-04-17 03:54:43.609 [info] Added views:workbench.explorer.openEditorsView in workbench.view.explorer
2023-04-17 03:54:43.821 [info] Added views:workbench.debug.variablesView,workbench.debug.watchExpressionsView,workbench.debug.callStackView,workbench.debug.breakPointsView in workbench.view.debug
2023-04-17 03:54:44.143 [info] Added views:workbench.panel.repl.view in workbench.panel.repl
2023-04-17 03:54:44.144 [info] Removed views:workbench.debug.breakPointsView,workbench.debug.callStackView,workbench.debug.watchExpressionsView,workbench.debug.variablesView from workbench.view.debug
2023-04-17 03:54:44.144 [info] Added views:workbench.debug.welcome in workbench.view.debug
2023-04-17 03:54:47.144 [info] Added views:vscode-serial-monitor.monitor0 in workbench.view.extension.vscode-serial-monitor-tools
2023-04-17 03:54:47.146 [info] Added views:platformio-ide.quickAccess in workbench.view.extension.platformio
2023-04-17 03:54:47.148 [info] Added views:platformio-debug.peripherals,platformio-debug.registers,platformio-debug.memory,platformio-debug.disassembly in workbench.view.debug
2023-04-17 03:54:50.021 [info] Added views:workbench.view.testing in workbench.view.extension.test
2023-04-17 03:55:21.153 [info] Added views:platformio-ide.projectTasks in workbench.view.extension.platformio
2023-04-17 04:19:06.548 [info] Removed views:workbench.view.testing from workbench.view.extension.test
