2023-04-17 03:49:23.481 [info] [SharedProcess] using utility process
2023-04-17 03:49:23.481 [info] update#setState idle
2023-04-17 03:49:25.190 [info] [UtilityProcess type: shared-process, pid: <none>]: creating new...
2023-04-17 03:49:25.195 [info] [UtilityProcess id: 1, type: fileWatcher, pid: <none>]: creating new...
2023-04-17 03:49:25.201 [info] [UtilityProcess type: shared-process, pid: 13886]: successfully created
2023-04-17 03:49:25.202 [info] [UtilityProcess id: 1, type: fileWatcher, pid: 13887]: successfully created
2023-04-17 03:49:25.326 [info] [UtilityProcess id: 1, type: extensionHost, pid: <none>]: creating new...
2023-04-17 03:49:25.330 [info] [UtilityProcess id: 1, type: extensionHost, pid: 13917]: successfully created
2023-04-17 03:49:53.460 [info] update#setState checking for updates
2023-04-17 03:49:53.549 [info] update#setState idle
2023-04-17 03:54:42.976 [info] [UtilityProcess id: 1, type: fileWatcher, pid: 13887]: attempting to kill the process...
2023-04-17 03:54:42.980 [info] [UtilityProcess id: 1, type: fileWatcher, pid: 13887]: successfully killed the process
2023-04-17 03:54:42.982 [info] [UtilityProcess id: 1, type: fileWatcher, pid: 13887]: received exit event with code 0
2023-04-17 03:54:43.034 [info] [UtilityProcess id: 1, type: extensionHost, pid: 13917]: received exit event with code 0
2023-04-17 03:54:43.036 [info] Extension host with pid 13917 exited with code: 0, signal: unknown.
2023-04-17 03:54:43.601 [info] [UtilityProcess id: 1, type: fileWatcher, pid: <none>]: creating new...
2023-04-17 03:54:43.608 [info] [UtilityProcess id: 1, type: fileWatcher, pid: 14637]: successfully created
2023-04-17 03:54:43.673 [info] [UtilityProcess id: 2, type: extensionHost, pid: <none>]: creating new...
2023-04-17 03:54:43.679 [info] [UtilityProcess id: 2, type: extensionHost, pid: 14647]: successfully created
2023-04-17 04:11:27.481 [error] update#isLatestVersion(): failed to check for updates
2023-04-17 04:11:27.484 [error] Error: net::ERR_TIMED_OUT
    at SimpleURLLoaderWrapper.<anonymous> (node:electron/js2c/browser_init:105:7047)
    at SimpleURLLoaderWrapper.emit (node:events:526:28)
2023-04-17 04:19:06.565 [info] [UtilityProcess id: 2, type: extensionHost, pid: 14647]: waiting to exit...
2023-04-17 04:19:06.566 [info] [UtilityProcess id: 1, type: fileWatcher, pid: 14637]: attempting to kill the process...
2023-04-17 04:19:06.566 [info] [UtilityProcess id: 1, type: fileWatcher, pid: 14637]: successfully killed the process
2023-04-17 04:19:06.583 [info] [UtilityProcess id: 1, type: fileWatcher, pid: 14637]: received exit event with code 0
2023-04-17 04:19:06.611 [info] [UtilityProcess id: 2, type: extensionHost, pid: 14647]: received exit event with code 0
2023-04-17 04:19:06.611 [info] Extension host with pid 14647 exited with code: 0, signal: unknown.
