2023-04-17 03:49:25.771 [info] Using settings sync service https://vscode-sync.trafficmanager.net/
2023-04-17 03:49:25.771 [info] Auto Sync is disabled.
2023-04-17 03:49:46.414 [info] Sync started.
2023-04-17 03:49:47.662 [info] Did reset the local sync state.
2023-04-17 03:49:47.678 [info] Settings: Migrating last sync user data. Resource does not exist.
2023-04-17 03:49:47.678 [info] Settings: Last sync data state does not exist.
2023-04-17 03:49:47.916 [info] GlobalState: Migrating last sync user data. Resource does not exist.
2023-04-17 03:49:47.917 [info] GlobalState: Last sync data state does not exist.
2023-04-17 03:49:47.921 [info] Settings: Migrating last sync user data. Resource does not exist.
2023-04-17 03:49:47.921 [info] Settings: Last sync data state does not exist.
2023-04-17 03:49:48.242 [info] Keybindings: Migrating last sync user data. Resource does not exist.
2023-04-17 03:49:48.242 [info] Keybindings: Last sync data state does not exist.
2023-04-17 03:49:48.511 [info] Snippets: Migrating last sync user data. Resource does not exist.
2023-04-17 03:49:48.512 [info] Snippets: Last sync data state does not exist.
2023-04-17 03:49:48.747 [info] Tasks: Migrating last sync user data. Resource does not exist.
2023-04-17 03:49:48.748 [info] Tasks: Last sync data state does not exist.
2023-04-17 03:49:49.003 [info] GlobalState: Migrating last sync user data. Resource does not exist.
2023-04-17 03:49:49.004 [info] GlobalState: Last sync data state does not exist.
2023-04-17 03:49:49.458 [info] Extensions: Migrating last sync user data. Resource does not exist.
2023-04-17 03:49:49.458 [info] Extensions: Last sync data state does not exist.
2023-04-17 03:49:49.808 [info] Profiles: Migrating last sync user data. Resource does not exist.
2023-04-17 03:49:49.808 [info] Profiles: Last sync data state does not exist.
2023-04-17 03:49:50.030 [info] Profiles: Migrating last sync user data. Resource does not exist.
2023-04-17 03:49:50.030 [info] Profiles: Last sync data state does not exist.
2023-04-17 03:49:50.044 [info] Settings: Updated local settings
2023-04-17 03:49:50.059 [info] Settings: Updated last synchronized settings
2023-04-17 03:49:50.063 [info] Keybindings: No changes found during synchronizing keybindings.
2023-04-17 03:49:50.076 [info] Keybindings: Updated last synchronized keybindings
2023-04-17 03:49:50.077 [info] Snippets: No changes found during synchronizing snippets.
2023-04-17 03:49:50.090 [info] Snippets: Updated last synchronized snippets
2023-04-17 03:49:50.092 [info] Tasks: No changes found during synchronizing tasks.
2023-04-17 03:49:50.111 [info] Tasks: Updated last synchronized tasks
2023-04-17 03:49:50.128 [info] GlobalState: Updated global state ["nps/lastSessionDate","nps/sessionCount","workbench.telemetryOptOutShown","workbench.statusbar.hidden","ces/skipSurvey","cpp.1.lastSessionDate","cpp.1.sessionCount","java.2.lastSessionDate","java.2.sessionCount","javascript.1.lastSessionDate","javascript.1.sessionCount","typescript.1.lastSessionDate","typescript.1.sessionCount","workbench.view.extensions.state.hidden","hasNotifiedOfSettingsAutosave","nps/isCandidate","nps/skipVersion","terminal.integrated.showTerminalConfigPrompt","commandPalette.mru.cache","commandPalette.mru.counter","fileBasedRecommendations/promptedRecommendations","workbench.view.extension.test.state.hidden","javascript.1.editedCount","javascript.1.editedDate","github-shyuuun","workbench.welcomePage.walkthroughMetadata","workbench.sideBar.position","workbench.panel.alignment","workbench.activityBar.hidden","workbench.statusBar.hidden","workbench.view.extension.jupyter-variables.state.hidden","cpp.1.editedCount","cpp.1.editedDate","workbench.view.extension.jupyter.state.hidden","fileBasedRecommendations/promptedFileExtensions","workbench.view.extension.platformio.state.hidden","cpp.1.isCandidate","cpp.1.skipVersion","workbench.view.extension.references-view.state.hidden","expandSuggestionDocs","workbench.view.extension.vscode-serial-monitor-tools.state.hidden","tabs-list-width-horizontal","csharp.1.lastSessionDate","csharp.1.sessionCount","workbench.explorer.views.state.hidden","workbench.activity.pinnedViewlets2","workbench.view.debug.state.hidden","workbench.panel.pinnedPanels","colorThemeData","memento/gettingStartedService"]
2023-04-17 03:49:50.128 [info] GlobalState: Updated local ui state
2023-04-17 03:49:50.137 [info] GlobalState: Updated last synchronized ui state
2023-04-17 03:49:50.256 [info] Extensions: Disabled extension vscode.php-language-features
2023-04-17 03:49:50.501 [info] Extensions: Migrating last sync user data. Resource does not exist.
2023-04-17 03:49:50.501 [info] Extensions: Last sync data state does not exist.
2023-04-17 03:49:51.761 [info] Extensions: Disabled extension vsciot-vscode.vscode-arduino 0.6.0
2023-04-17 03:49:52.020 [info] Extensions: Migrating last sync user data. Resource does not exist.
2023-04-17 03:49:52.021 [info] Extensions: Last sync data state does not exist.
2023-04-17 03:49:53.786 [info] Extensions: Installed extension. coenraads.bracket-pair-colorizer-2 0.2.4
2023-04-17 03:49:53.850 [info] Extensions: Migrating last sync user data. Resource does not exist.
2023-04-17 03:49:53.850 [info] Extensions: Last sync data state does not exist.
2023-04-17 03:49:54.616 [info] Extensions: Installed extension. dracula-theme.theme-dracula 2.24.2
2023-04-17 03:49:54.669 [info] Extensions: Migrating last sync user data. Resource does not exist.
2023-04-17 03:49:54.669 [info] Extensions: Last sync data state does not exist.
2023-04-17 03:50:04.168 [info] Extensions: Installed extension. ms-python.python 2023.6.0
2023-04-17 03:50:04.220 [info] Extensions: Migrating last sync user data. Resource does not exist.
2023-04-17 03:50:04.220 [info] Extensions: Last sync data state does not exist.
2023-04-17 03:50:08.464 [info] Extensions: Installed extension. ms-toolsai.jupyter-renderers 1.0.15
2023-04-17 03:50:08.513 [info] Extensions: Migrating last sync user data. Resource does not exist.
2023-04-17 03:50:08.514 [info] Extensions: Last sync data state does not exist.
2023-04-17 03:50:09.242 [info] Extensions: Installed extension. ms-toolsai.vscode-jupyter-slideshow 0.1.5
2023-04-17 03:50:09.293 [info] Extensions: Migrating last sync user data. Resource does not exist.
2023-04-17 03:50:09.293 [info] Extensions: Last sync data state does not exist.
2023-04-17 03:50:10.315 [info] Extensions: Installed extension. dbaeumer.vscode-eslint 2.4.0
2023-04-17 03:50:10.364 [info] Extensions: Migrating last sync user data. Resource does not exist.
2023-04-17 03:50:10.364 [info] Extensions: Last sync data state does not exist.
2023-04-17 03:50:11.364 [info] Extensions: Installed extension. naumovs.color-highlight 2.5.0
2023-04-17 03:50:11.414 [info] Extensions: Migrating last sync user data. Resource does not exist.
2023-04-17 03:50:11.414 [info] Extensions: Last sync data state does not exist.
2023-04-17 03:50:12.077 [info] Extensions: Installed extension. ms-toolsai.jupyter-keymap 1.1.0
2023-04-17 03:50:12.128 [info] Extensions: Migrating last sync user data. Resource does not exist.
2023-04-17 03:50:12.128 [info] Extensions: Last sync data state does not exist.
2023-04-17 03:50:14.510 [info] Extensions: Installed extension. oderwat.indent-rainbow 8.3.1
2023-04-17 03:50:14.560 [info] Extensions: Migrating last sync user data. Resource does not exist.
2023-04-17 03:50:14.560 [info] Extensions: Last sync data state does not exist.
2023-04-17 03:50:15.186 [info] Extensions: Installed extension. ms-toolsai.vscode-jupyter-cell-tags 0.1.8
2023-04-17 03:50:15.237 [info] Extensions: Migrating last sync user data. Resource does not exist.
2023-04-17 03:50:15.237 [info] Extensions: Last sync data state does not exist.
2023-04-17 03:50:19.110 [info] Extensions: Installed extension. platformio.platformio-ide 3.1.1
2023-04-17 03:50:19.163 [info] Extensions: Migrating last sync user data. Resource does not exist.
2023-04-17 03:50:19.163 [info] Extensions: Last sync data state does not exist.
2023-04-17 03:50:20.444 [info] Extensions: Installed extension. pkief.material-icon-theme 4.26.0
2023-04-17 03:50:20.498 [info] Extensions: Migrating last sync user data. Resource does not exist.
2023-04-17 03:50:20.498 [info] Extensions: Last sync data state does not exist.
2023-04-17 03:50:25.157 [info] Extensions: Installed extension. ritwickdey.liveserver 5.7.9
2023-04-17 03:50:25.209 [info] Extensions: Migrating last sync user data. Resource does not exist.
2023-04-17 03:50:25.209 [info] Extensions: Last sync data state does not exist.
2023-04-17 03:50:25.491 [info] Extensions: Migrating last sync user data. Resource does not exist.
2023-04-17 03:50:25.491 [info] Extensions: Last sync data state does not exist.
2023-04-17 03:50:26.221 [info] Extensions: Installed extension. ms-python.isort 2022.8.0
2023-04-17 03:50:26.271 [info] Extensions: Migrating last sync user data. Resource does not exist.
2023-04-17 03:50:26.271 [info] Extensions: Last sync data state does not exist.
2023-04-17 03:50:33.907 [info] Extensions: Installed extension. vsciot-vscode.vscode-arduino 0.6.0
2023-04-17 03:50:33.962 [info] Extensions: Migrating last sync user data. Resource does not exist.
2023-04-17 03:50:33.963 [info] Extensions: Last sync data state does not exist.
2023-04-17 03:50:36.672 [info] Extensions: Installed extension. ms-vscode.vscode-serial-monitor 0.9.0
2023-04-17 03:50:36.732 [info] Extensions: Migrating last sync user data. Resource does not exist.
2023-04-17 03:50:36.733 [info] Extensions: Last sync data state does not exist.
2023-04-17 03:50:44.514 [info] Extensions: Installed extension. ms-python.vscode-pylance 2023.4.20
2023-04-17 03:50:44.565 [info] Extensions: Migrating last sync user data. Resource does not exist.
2023-04-17 03:50:44.565 [info] Extensions: Last sync data state does not exist.
2023-04-17 03:51:49.519 [info] Extensions: Installed extension. ms-vscode.cpptools 1.14.5
2023-04-17 03:51:49.572 [info] Extensions: Migrating last sync user data. Resource does not exist.
2023-04-17 03:51:49.572 [info] Extensions: Last sync data state does not exist.
2023-04-17 03:51:56.263 [info] Extensions: Installed extension. ms-toolsai.jupyter 2023.3.1201040234
2023-04-17 03:51:56.281 [info] Extensions: Updated last synchronized extensions.
2023-04-17 03:51:56.294 [info] Profiles: No changes found during synchronizing profiles.
2023-04-17 03:51:56.310 [info] Profiles: Updated last synchronized profiles.
2023-04-17 03:51:56.326 [info] Sync done. Took 129911ms
2023-04-17 03:51:56.367 [info] Auto Sync: Triggered by Interval
2023-04-17 03:51:56.367 [info] Sync started.
2023-04-17 03:51:57.116 [info] Settings: No changes found during synchronizing settings.
2023-04-17 03:51:57.123 [info] Keybindings: No changes found during synchronizing keybindings.
2023-04-17 03:51:57.127 [info] Snippets: No changes found during synchronizing snippets.
2023-04-17 03:51:57.130 [info] Tasks: No changes found during synchronizing tasks.
2023-04-17 03:51:58.093 [info] GlobalState: Updated remote ui state. Updated: workbench.activity.pinnedViewlets2,workbench.panel.pinnedPanels,workbench.welcomePage.walkthroughMetadata.
2023-04-17 03:51:58.163 [info] GlobalState: Updated last synchronized ui state
2023-04-17 03:51:58.240 [info] Extensions: No changes found during synchronizing extensions.
2023-04-17 03:51:58.243 [info] Profiles: No changes found during synchronizing profiles.
2023-04-17 03:51:58.246 [info] Sync done. Took 1879ms
2023-04-17 03:51:58.832 [info] Auto Sync: Triggered by Activity
2023-04-17 03:51:58.833 [info] Sync started.
2023-04-17 03:51:59.089 [info] Settings: No changes found during synchronizing settings.
2023-04-17 03:51:59.093 [info] Keybindings: No changes found during synchronizing keybindings.
2023-04-17 03:51:59.097 [info] Snippets: No changes found during synchronizing snippets.
2023-04-17 03:51:59.101 [info] Tasks: No changes found during synchronizing tasks.
2023-04-17 03:51:59.106 [info] GlobalState: No changes found during synchronizing ui state.
2023-04-17 03:51:59.184 [info] Extensions: No changes found during synchronizing extensions.
2023-04-17 03:51:59.186 [info] Profiles: No changes found during synchronizing profiles.
2023-04-17 03:51:59.189 [info] Sync done. Took 358ms
2023-04-17 03:52:58.333 [info] Auto Sync: Triggered by Activity
2023-04-17 03:52:58.334 [info] Sync started.
2023-04-17 03:52:58.608 [info] Settings: No changes found during synchronizing settings.
2023-04-17 03:52:58.617 [info] Keybindings: No changes found during synchronizing keybindings.
2023-04-17 03:52:58.622 [info] Snippets: No changes found during synchronizing snippets.
2023-04-17 03:52:58.625 [info] Tasks: No changes found during synchronizing tasks.
2023-04-17 03:52:58.629 [info] GlobalState: No changes found during synchronizing ui state.
2023-04-17 03:52:58.702 [info] Extensions: No changes found during synchronizing extensions.
2023-04-17 03:52:58.704 [info] Profiles: No changes found during synchronizing profiles.
2023-04-17 03:52:58.707 [info] Sync done. Took 374ms
2023-04-17 03:53:18.364 [info] Auto Sync: Triggered by Activity
2023-04-17 03:53:18.365 [info] Sync started.
2023-04-17 03:53:18.702 [info] Settings: No changes found during synchronizing settings.
2023-04-17 03:53:18.708 [info] Keybindings: No changes found during synchronizing keybindings.
2023-04-17 03:53:18.713 [info] Snippets: No changes found during synchronizing snippets.
2023-04-17 03:53:18.716 [info] Tasks: No changes found during synchronizing tasks.
2023-04-17 03:53:20.679 [info] GlobalState: Updated remote ui state. Updated: colorThemeData.
2023-04-17 03:53:20.688 [info] GlobalState: Updated last synchronized ui state
2023-04-17 03:53:21.993 [info] Extensions: Updated remote extensions. Added: ["catppuccin.catppuccin-vsc"].
2023-04-17 03:53:22.006 [info] Extensions: Updated last synchronized extensions.
2023-04-17 03:53:22.011 [info] Profiles: No changes found during synchronizing profiles.
2023-04-17 03:53:22.013 [info] Sync done. Took 3650ms
2023-04-17 03:53:25.611 [info] Auto Sync: Triggered by Activity
2023-04-17 03:53:25.611 [info] Sync started.
2023-04-17 03:53:26.173 [info] Settings: Updated remote settings
2023-04-17 03:53:26.193 [info] Settings: Updated last synchronized settings
2023-04-17 03:53:26.205 [info] Keybindings: No changes found during synchronizing keybindings.
2023-04-17 03:53:26.219 [info] Snippets: No changes found during synchronizing snippets.
2023-04-17 03:53:26.229 [info] Tasks: No changes found during synchronizing tasks.
2023-04-17 03:53:26.248 [info] GlobalState: No changes found during synchronizing ui state.
2023-04-17 03:53:26.310 [info] Extensions: No changes found during synchronizing extensions.
2023-04-17 03:53:26.313 [info] Profiles: No changes found during synchronizing profiles.
2023-04-17 03:53:26.315 [info] Sync done. Took 703ms
2023-04-17 03:53:38.092 [info] Auto Sync: Triggered by Activity
2023-04-17 03:53:38.092 [info] Sync started.
2023-04-17 03:53:38.380 [info] Settings: No changes found during synchronizing settings.
2023-04-17 03:53:38.384 [info] Keybindings: No changes found during synchronizing keybindings.
2023-04-17 03:53:38.388 [info] Snippets: No changes found during synchronizing snippets.
2023-04-17 03:53:38.391 [info] Tasks: No changes found during synchronizing tasks.
2023-04-17 03:53:38.397 [info] GlobalState: No changes found during synchronizing ui state.
2023-04-17 03:53:39.885 [info] Extensions: Updated remote extensions. Added: ["catppuccin.catppuccin-vsc-icons"].
2023-04-17 03:53:39.897 [info] Extensions: Updated last synchronized extensions.
2023-04-17 03:53:39.901 [info] Profiles: No changes found during synchronizing profiles.
2023-04-17 03:53:39.903 [info] Sync done. Took 1813ms
2023-04-17 03:53:42.994 [info] Auto Sync: Triggered by Activity
2023-04-17 03:53:42.995 [info] Sync started.
2023-04-17 03:53:44.113 [info] Settings: Updated remote settings
2023-04-17 03:53:44.185 [info] Settings: Updated last synchronized settings
2023-04-17 03:53:44.189 [info] Keybindings: No changes found during synchronizing keybindings.
2023-04-17 03:53:44.193 [info] Snippets: No changes found during synchronizing snippets.
2023-04-17 03:53:44.195 [info] Tasks: No changes found during synchronizing tasks.
2023-04-17 03:53:44.200 [info] GlobalState: No changes found during synchronizing ui state.
2023-04-17 03:53:44.271 [info] Extensions: No changes found during synchronizing extensions.
2023-04-17 03:53:44.274 [info] Profiles: No changes found during synchronizing profiles.
2023-04-17 03:53:44.276 [info] Sync done. Took 1283ms
2023-04-17 03:53:51.153 [info] Auto Sync: Triggered by Activity
2023-04-17 03:53:51.153 [info] Sync started.
2023-04-17 03:53:51.377 [info] Settings: No changes found during synchronizing settings.
2023-04-17 03:53:51.382 [info] Keybindings: No changes found during synchronizing keybindings.
2023-04-17 03:53:51.385 [info] Snippets: No changes found during synchronizing snippets.
2023-04-17 03:53:51.387 [info] Tasks: No changes found during synchronizing tasks.
2023-04-17 03:53:52.969 [info] GlobalState: Updated remote ui state. Updated: workbench.panel.pinnedPanels.
2023-04-17 03:53:53.063 [info] GlobalState: Updated last synchronized ui state
2023-04-17 03:53:53.177 [info] Extensions: No changes found during synchronizing extensions.
2023-04-17 03:53:53.181 [info] Profiles: No changes found during synchronizing profiles.
2023-04-17 03:53:53.185 [info] Sync done. Took 2030ms
2023-04-17 03:53:54.765 [info] Auto Sync: Triggered by Activity
2023-04-17 03:53:54.766 [info] Sync started.
2023-04-17 03:53:55.005 [info] Settings: No changes found during synchronizing settings.
2023-04-17 03:53:55.008 [info] Keybindings: No changes found during synchronizing keybindings.
2023-04-17 03:53:55.012 [info] Snippets: No changes found during synchronizing snippets.
2023-04-17 03:53:55.016 [info] Tasks: No changes found during synchronizing tasks.
2023-04-17 03:53:56.908 [info] GlobalState: Updated remote ui state. Updated: memento/gettingStartedService.
2023-04-17 03:53:56.977 [info] GlobalState: Updated last synchronized ui state
2023-04-17 03:53:57.119 [info] Extensions: No changes found during synchronizing extensions.
2023-04-17 03:53:57.124 [info] Profiles: No changes found during synchronizing profiles.
2023-04-17 03:53:57.127 [info] Sync done. Took 2361ms
2023-04-17 03:54:04.618 [info] Auto Sync: Triggered by Activity
2023-04-17 03:54:04.618 [info] Sync started.
2023-04-17 03:54:06.118 [info] Settings: Updated remote settings
2023-04-17 03:54:06.176 [info] Settings: Updated last synchronized settings
2023-04-17 03:54:06.180 [info] Keybindings: No changes found during synchronizing keybindings.
2023-04-17 03:54:06.184 [info] Snippets: No changes found during synchronizing snippets.
2023-04-17 03:54:06.188 [info] Tasks: No changes found during synchronizing tasks.
2023-04-17 03:54:06.193 [info] GlobalState: No changes found during synchronizing ui state.
2023-04-17 03:54:06.253 [info] Extensions: No changes found during synchronizing extensions.
2023-04-17 03:54:06.255 [info] Profiles: No changes found during synchronizing profiles.
2023-04-17 03:54:06.258 [info] Sync done. Took 1640ms
2023-04-17 03:54:31.272 [info] Auto Sync: Triggered by Activity
2023-04-17 03:54:31.272 [info] Sync started.
2023-04-17 03:54:31.564 [info] Settings: No changes found during synchronizing settings.
2023-04-17 03:54:31.568 [info] Keybindings: No changes found during synchronizing keybindings.
2023-04-17 03:54:31.572 [info] Snippets: No changes found during synchronizing snippets.
2023-04-17 03:54:31.575 [info] Tasks: No changes found during synchronizing tasks.
2023-04-17 03:54:33.331 [info] GlobalState: Updated remote ui state. Updated: memento/gettingStartedService.
2023-04-17 03:54:33.347 [info] GlobalState: Updated last synchronized ui state
2023-04-17 03:54:33.448 [info] Extensions: No changes found during synchronizing extensions.
2023-04-17 03:54:33.460 [info] Profiles: No changes found during synchronizing profiles.
2023-04-17 03:54:33.463 [info] Sync done. Took 2192ms
2023-04-17 03:54:44.418 [info] Auto Sync: Suspended until auth token is available.
2023-04-17 03:54:44.418 [info] Auto Sync: Stopped
