2023-04-17 05:43:16.940 [info] Extension host with pid 35993 started
2023-04-17 05:43:16.940 [info] Skipping acquiring lock for /home/kokutaro/.config/Code/User/workspaceStorage/614b5b33dfda0caea5b896b21749be9d.
2023-04-17 05:43:17.141 [info] ExtensionService#_doActivateExtension vscode.emmet, startup: false, activationEvent: 'onLanguage'
2023-04-17 05:43:17.147 [info] ExtensionService#_doActivateExtension vscode.configuration-editing, startup: false, activationEvent: 'onLanguage:jsonc'
2023-04-17 05:43:17.157 [info] ExtensionService#_doActivateExtension vscode.json-language-features, startup: false, activationEvent: 'onLanguage:jsonc'
2023-04-17 05:43:17.187 [info] ExtensionService#_doActivateExtension vscode.typescript-language-features, startup: false, activationEvent: 'onLanguage:jsonc'
2023-04-17 05:43:17.212 [info] ExtensionService#_doActivateExtension dbaeumer.vscode-eslint, startup: false, activationEvent: 'onLanguage:jsonc'
2023-04-17 05:43:17.522 [info] ExtensionService#_doActivateExtension vscode.git-base, startup: true, activationEvent: '*', root cause: vscode.git
2023-04-17 05:43:17.524 [info] ExtensionService#_doActivateExtension Catppuccin.catppuccin-vsc, startup: true, activationEvent: '*'
2023-04-17 05:43:17.527 [info] ExtensionService#_doActivateExtension naumovs.color-highlight, startup: true, activationEvent: '*'
2023-04-17 05:43:17.532 [info] ExtensionService#_doActivateExtension oderwat.indent-rainbow, startup: true, activationEvent: '*'
2023-04-17 05:43:17.534 [info] ExtensionService#_doActivateExtension vscode.microsoft-authentication, startup: false, activationEvent: 'onAuthenticationRequest:microsoft'
2023-04-17 05:43:17.663 [info] ExtensionService#_doActivateExtension vscode.git, startup: true, activationEvent: '*'
2023-04-17 05:43:17.690 [info] ExtensionService#_doActivateExtension vscode.github, startup: true, activationEvent: '*'
2023-04-17 05:43:17.700 [info] ExtensionService#_doActivateExtension vscode.github-authentication, startup: false, activationEvent: 'onAuthenticationRequest:github'
2023-04-17 05:43:17.797 [info] ExtensionService#_doActivateExtension ms-python.python, startup: true, activationEvent: 'workspaceContains:*.py', root cause: ms-python.isort
2023-04-17 05:43:18.100 [info] ExtensionService#_doActivateExtension ms-python.isort, startup: true, activationEvent: 'workspaceContains:*.py'
2023-04-17 05:43:18.117 [info] Eager extensions activated
2023-04-17 05:43:18.145 [info] ExtensionService#_doActivateExtension vscode.debug-auto-launch, startup: false, activationEvent: 'onStartupFinished'
2023-04-17 05:43:18.147 [info] ExtensionService#_doActivateExtension vscode.merge-conflict, startup: false, activationEvent: 'onStartupFinished'
2023-04-17 05:43:18.153 [info] ExtensionService#_doActivateExtension CoenraadS.bracket-pair-colorizer-2, startup: false, activationEvent: 'onStartupFinished'
2023-04-17 05:43:18.162 [info] ExtensionService#_doActivateExtension PKief.material-icon-theme, startup: false, activationEvent: 'onStartupFinished'
2023-04-17 05:43:18.169 [info] ExtensionService#_doActivateExtension ritwickdey.LiveServer, startup: false, activationEvent: 'onStartupFinished'
2023-04-17 05:43:18.180 [info] ExtensionService#_doActivateExtension ms-python.vscode-pylance, startup: false, activationEvent: 'api', root cause: ms-python.python
2023-04-17 05:43:20.711 [info] ExtensionService#_doActivateExtension ms-toolsai.jupyter, startup: false, activationEvent: 'onLanguage:python'
2023-04-17 05:43:21.282 [info] ExtensionService#_doActivateExtension ms-toolsai.jupyter-renderers, startup: false, activationEvent: 'api', root cause: ms-toolsai.jupyter
2023-04-17 05:43:22.723 [error] Error: Module 'pip' not installed.
	at au.execModule (/home/kokutaro/.vscode/extensions/ms-toolsai.jupyter-2023.3.1201040234/out/extension.node.js:7:27794)
	at async Kd.getPackageInformation (/home/kokutaro/.vscode/extensions/ms-toolsai.jupyter-2023.3.1201040234/out/extension.node.js:7:19123)
