2023-04-17 03:49:26.338 [info] Reading sessions from keychain...
2023-04-17 03:49:26.338 [info] Getting sessions for all scopes...
2023-04-17 03:49:26.338 [info] Getting sessions for user:email...
2023-04-17 03:49:26.338 [info] Got 0 sessions for ...
2023-04-17 03:49:26.338 [info] Got 0 sessions for user:email...
2023-04-17 03:49:26.338 [info] Getting sessions for all scopes...
2023-04-17 03:49:26.338 [info] Got 0 sessions for ...
2023-04-17 03:49:26.520 [info] Getting sessions for all scopes...
2023-04-17 03:49:26.520 [info] Got 0 sessions for ...
2023-04-17 03:49:35.491 [info] Getting sessions for user:email...
2023-04-17 03:49:35.491 [info] Got 0 sessions for user:email...
2023-04-17 03:49:36.575 [info] Logging in for the following scopes: user:email
2023-04-17 03:49:36.578 [info] Trying without local server... (user:email)
2023-04-17 03:49:43.983 [info] Exchanging code for token...
2023-04-17 03:49:45.391 [info] Token exchange success!
2023-04-17 03:49:45.392 [info] Getting user info...
2023-04-17 03:49:46.388 [info] Got account info!
2023-04-17 03:49:46.388 [info] Storing 1 sessions...
2023-04-17 03:49:46.408 [error] Setting token failed: Error: GDBus.Error:org.freedesktop.DBus.Error.ServiceUnknown: The name org.freedesktop.secrets was not provided by any .service files
2023-04-17 03:49:46.408 [info] Stored 1 sessions!
2023-04-17 03:49:46.408 [info] Login success!
2023-04-17 03:49:46.409 [info] Getting sessions for user:email...
2023-04-17 03:49:46.410 [info] Got 1 sessions for user:email...
2023-04-17 03:49:46.411 [info] Getting sessions for user:email...
2023-04-17 03:49:46.411 [info] Got 1 sessions for user:email...
2023-04-17 03:49:47.153 [info] Getting user info...
2023-04-17 03:49:48.089 [info] Got account info!
2023-04-17 03:53:04.198 [info] Getting sessions for user:email...
2023-04-17 03:53:04.198 [info] Got 1 sessions for user:email...
2023-04-17 03:54:44.344 [info] Reading sessions from keychain...
2023-04-17 03:54:44.344 [info] Getting sessions for all scopes...
2023-04-17 03:54:44.344 [info] Getting sessions for user:email...
2023-04-17 03:54:44.344 [info] Getting sessions for user:email...
2023-04-17 03:54:44.344 [info] Got 0 sessions for ...
2023-04-17 03:54:44.344 [info] Got 0 sessions for user:email...
2023-04-17 03:54:44.344 [info] Got 0 sessions for user:email...
2023-04-17 03:54:44.412 [info] Getting sessions for all scopes...
2023-04-17 03:54:44.412 [info] Got 0 sessions for ...
