2023-04-17 03:49:26.500 [info] Reading sessions from secret storage...
2023-04-17 03:49:26.500 [info] Got 0 stored sessions
2023-04-17 03:49:26.519 [info] Getting sessions for all scopes...
2023-04-17 03:49:26.519 [info] Got 0 sessions for all scopes...
2023-04-17 03:49:26.519 [info] Getting sessions for the following scopes: email offline_access openid profile
2023-04-17 03:49:26.519 [info] Got 0 sessions for scopes: email offline_access openid profile
2023-04-17 03:49:35.496 [info] Getting sessions for the following scopes: email offline_access openid profile
2023-04-17 03:49:35.496 [info] Got 0 sessions for scopes: email offline_access openid profile
2023-04-17 03:49:46.411 [info] Getting sessions for the following scopes: email offline_access openid profile
2023-04-17 03:49:46.411 [info] Got 0 sessions for scopes: email offline_access openid profile
2023-04-17 03:49:46.411 [info] Getting sessions for the following scopes: email offline_access openid profile
2023-04-17 03:49:46.411 [info] Got 0 sessions for scopes: email offline_access openid profile
2023-04-17 03:53:04.196 [info] Getting sessions for the following scopes: email offline_access openid profile
2023-04-17 03:53:04.196 [info] Got 0 sessions for scopes: email offline_access openid profile
2023-04-17 03:54:44.329 [info] Reading sessions from secret storage...
2023-04-17 03:54:44.329 [info] Got 0 stored sessions
2023-04-17 03:54:44.330 [info] Getting sessions for all scopes...
2023-04-17 03:54:44.330 [info] Got 0 sessions for all scopes...
2023-04-17 03:54:44.331 [info] Getting sessions for the following scopes: email offline_access openid profile
2023-04-17 03:54:44.331 [info] Got 0 sessions for scopes: email offline_access openid profile
2023-04-17 03:54:44.342 [info] Getting sessions for the following scopes: email offline_access openid profile
2023-04-17 03:54:44.342 [info] Got 0 sessions for scopes: email offline_access openid profile
