Experiment 'pythonPromptNewToolsExt' is active
> conda info --json
> C:\Users\kokutaro\AppData\Local\Programs\Python\Python310\python.exe -c "import sys;print(sys.executable)"
[ERROR 2023-3-17 3:54:50.80]: [Error: Command failed: C:\Users\kokutaro\AppData\Local\Programs\Python\Python310\python.exe -c "import sys;print(sys.executable)"
/bin/sh: line 1: C:UserskokutaroAppDataLocalProgramsPythonPython310python.exe: command not found

	at ChildProcess.exithandler (node:child_process:408:12)
	at ChildProcess.emit (node:events:526:28)
	at maybeClose (node:internal/child_process:1092:16)
	at Socket.<anonymous> (node:internal/child_process:451:11)
	at Socket.emit (node:events:526:28)
	at Pipe.<anonymous> (node:net:687:12)] {
  killed: false,
  code: 127,
  signal: null,
  cmd: 'C:\\Users\\kokutaro\\AppData\\Local\\Programs\\Python\\Python310\\python.exe -c "import sys;print(sys.executable)"'
}
> /bin/python -I ~/.vscode/extensions/ms-python.python-2023.6.0/pythonFiles/get_output_via_markers.py ~/.vscode/extensions/ms-python.python-2023.6.0/pythonFiles/interpreterInfo.py
> /sbin/python -I ~/.vscode/extensions/ms-python.python-2023.6.0/pythonFiles/get_output_via_markers.py ~/.vscode/extensions/ms-python.python-2023.6.0/pythonFiles/interpreterInfo.py
> /usr/bin/python -I ~/.vscode/extensions/ms-python.python-2023.6.0/pythonFiles/get_output_via_markers.py ~/.vscode/extensions/ms-python.python-2023.6.0/pythonFiles/interpreterInfo.py
> /usr/sbin/python -I ~/.vscode/extensions/ms-python.python-2023.6.0/pythonFiles/get_output_via_markers.py ~/.vscode/extensions/ms-python.python-2023.6.0/pythonFiles/interpreterInfo.py
Starting Pylance language server.
Python interpreter path: /bin/python
Send text to terminal: /bin/python /home/kokutaro/ehe/hello.py
Send text to terminal: /bin/python /home/kokutaro/ehe/hello.py
Send text to terminal: /bin/python /home/kokutaro/ehe/hello.py
