Visual Studio Code (1.77.3, undefined, desktop)
Jupyter Extension Version: 2023.3.1201040234.
Python Extension Version: 2023.6.0.
Workspace folder /home/kokutaro/ehe
info 03:54:50.890: LSP Notebooks experiment is enabled
info 03:54:50.949: Process Execution: > jupyter notebook --version
> jupyter notebook --version
info 03:54:50.957: Process Execution: > jupyter lab --version
> jupyter lab --version
warn 03:55:04.164: Failed to get activated env vars for /bin/python in 43ms
info 03:55:04.186: Process Execution: > /bin/python -c "import site;print("USER_BASE_VALUE");print(site.USER_BASE);print("USER_BASE_VALUE");"
> /bin/python -c "import site;print("USER_BASE_VALUE");print(site.USER_BASE);print("USER_BASE_VALUE");"
info 03:55:04.195: Process Execution: > /bin/python -m pip list
> /bin/python -m pip list
info 03:55:04.224: Process Execution: > /bin/python -c "import pip;print('6af208d0-cb9c-427f-b937-ff563e17efdf')"
> /bin/python -c "import pip;print('6af208d0-cb9c-427f-b937-ff563e17efdf')"
error 03:55:04.238: interpreterPackages getPackageInformation, Class name = Kd, completed in 117ms, has a falsy return value, Arg 1: {"interpreter":{"id":"/bin/python","sysPrefix":"/usr","displayPath":{"$mid":1,"fsPath":"/bin/python","path":"/bin/python","scheme":"file"},"envName":"","uri":{"$mid":1,"fsPath":"/bin/python","external":"file:///bin/python","path":"/bin/python","scheme":"file"},"displayName":"","envType":"Unknown","isCondaEnvWithoutPython":false,"version":{"major":3,"minor":10,"patch":10,"raw":"3.10.10 (main, Mar  5 2023, 22:26:53) [GCC 12.2.1 20230201]"}}} [su [Error]: Module 'pip' not installed.
	at au.execModule (/home/kokutaro/.vscode/extensions/ms-toolsai.jupyter-2023.3.1201040234/out/extension.node.js:7:27794)
	at process.processTicksAndRejections (node:internal/process/task_queues:96:5)
	at async Kd.getPackageInformation (/home/kokutaro/.vscode/extensions/ms-toolsai.jupyter-2023.3.1201040234/out/extension.node.js:7:19123)] {
  category: 'notinstalled',
  moduleName: 'pip'
}
info 04:19:06.558: Shutting down notebooks for 7d9e1fe8-8a85-49b4-8dc8-d4d90e800d40
info 04:19:06.558: Disposing HostJupyterExecution a26b61d0-d42a-4088-9f9e-7c40ecb9170c
info 04:19:06.558: Disposing HostJupyterExecution a26b61d0-d42a-4088-9f9e-7c40ecb9170c
