[Info  - 3:54:51 AM] (14695) Pylance language server 2023.4.20 (pyright 64a33975) starting
[Info  - 3:54:51 AM] (14695) Server root directory: /home/kokutaro/.vscode/extensions/ms-python.vscode-pylance-2023.4.20/dist
[Info  - 3:54:51 AM] (14695) Starting service instance "ehe"
[Info  - 3:54:51 AM] (14695) Auto-indent enabled
[Warn  - 3:54:51 AM] (14695) stubPath /home/kokutaro/ehe/typings is not a valid directory.
[Info  - 3:54:51 AM] (14695) No source files found.
[Info  - 3:54:52 AM] (14695) Background analysis(1) root directory: /home/kokutaro/.vscode/extensions/ms-python.vscode-pylance-2023.4.20/dist
[Info  - 3:54:52 AM] (14695) Background analysis(1) started
[Info  - 3:54:52 AM] (14695) Indexer background runner(2) root directory: /home/kokutaro/.vscode/extensions/ms-python.vscode-pylance-2023.4.20/dist (index)
[Info  - 3:54:52 AM] (14695) Indexing(2) started
[Info  - 3:54:52 AM] (14695) scanned(2) 19 files over 1 exec env
[Info  - 3:54:52 AM] (14695) indexed(2) 2 files over 1 exec env
[Info  - 3:54:52 AM] (14695) Indexing finished(2).
[Info  - 3:55:04 AM] (14695) Setting pythonPath for service "ehe": "/bin/python"
[Warn  - 3:55:04 AM] (14695) stubPath /home/kokutaro/ehe/typings is not a valid directory.
[Info  - 3:55:04 AM] (14695) Assuming Python version 3.10
[Info  - 3:55:04 AM] (14695) No source files found.
[Info  - 3:55:04 AM] (14695) Indexer background runner(3) root directory: /home/kokutaro/.vscode/extensions/ms-python.vscode-pylance-2023.4.20/dist (index)
[Info  - 3:55:04 AM] (14695) Indexing(3) started
[Info  - 3:55:04 AM] (14695) scanned(3) 19 files over 1 exec env
[Info  - 3:55:04 AM] (14695) indexed(3) 2 files over 1 exec env
[Info  - 3:55:04 AM] (14695) Indexing finished(3).
[Info  - 3:56:36 AM] (14695) Found 1 source file
