Visual Studio Code (1.77.3, undefined, desktop)
Jupyter Extension Version: 2023.3.1201040234.
Python Extension Version: 2023.6.0.
Workspace folder /home/kokutaro/ehe
User belongs to experiment group 'jupyterEnhancedDataViewer'
User belongs to experiment group 'jupyterTest'
info 05:43:21.208: LSP Notebooks experiment is enabled
warn 05:43:21.522: Failed to get activated env vars for /bin/python in 288ms
info 05:43:21.562: Process Execution: > /bin/python -c "import site;print("USER_BASE_VALUE");print(site.USER_BASE);print("USER_BASE_VALUE");"
> /bin/python -c "import site;print("USER_BASE_VALUE");print(site.USER_BASE);print("USER_BASE_VALUE");"
info 05:43:21.647: Process Execution: > /bin/python -m pip list
> /bin/python -m pip list
info 05:43:21.705: Process Execution: > /bin/python -c "import pip;print('6af208d0-cb9c-427f-b937-ff563e17efdf')"
> /bin/python -c "import pip;print('6af208d0-cb9c-427f-b937-ff563e17efdf')"
error 05:43:21.719: interpreterPackages getPackageInformation, Class name = Kd, completed in 486ms, has a falsy return value, Arg 1: {"interpreter":{"id":"/bin/python","sysPrefix":"/usr","displayPath":{"$mid":1,"fsPath":"/bin/python","path":"/bin/python","scheme":"file"},"envName":"","uri":{"$mid":1,"fsPath":"/bin/python","external":"file:///bin/python","path":"/bin/python","scheme":"file"},"displayName":"","envType":"Unknown","isCondaEnvWithoutPython":false,"version":{"major":3,"minor":10,"patch":10,"raw":"3.10.10 (main, Mar  5 2023, 22:26:53) [GCC 12.2.1 20230201]"}}} [su [Error]: Module 'pip' not installed.
	at au.execModule (/home/kokutaro/.vscode/extensions/ms-toolsai.jupyter-2023.3.1201040234/out/extension.node.js:7:27794)
	at async Kd.getPackageInformation (/home/kokutaro/.vscode/extensions/ms-toolsai.jupyter-2023.3.1201040234/out/extension.node.js:7:19123)] {
  category: 'notinstalled',
  moduleName: 'pip'
}
